<testsuites id="" name="" tests="3" failures="0" skipped="0" errors="0" time="9.094757">
<testsuite name="tests/cord_canvas.spec.ts" timestamp="2025-02-01T16:46:50.941Z" hostname="" tests="3" failures="0" skipped="0" time="7.173" errors="0">
<testcase name="Cord19 Canvas Tests › zoom functionality" classname="tests/cord_canvas.spec.ts" time="2.636">
<system-out>
<![CDATA[Waiting for #loading to be hidden...
Waiting for #progress-container to be hidden...

[[ATTACHMENT|../datamapplot/interactive_tests/test-results/tests-cord_canvas-Cord19-Canvas-Tests-zoom-functionality/test-finished-1.png]]
]]>
</system-out>
</testcase>
<testcase name="Cord19 Canvas Tests › search functionality" classname="tests/cord_canvas.spec.ts" time="2.12">
<system-out>
<![CDATA[Waiting for #loading to be hidden...
Waiting for #progress-container to be hidden...

[[ATTACHMENT|../datamapplot/interactive_tests/test-results/tests-cord_canvas-Cord19-Canvas-Tests-search-functionality/test-finished-1.png]]
]]>
</system-out>
</testcase>
<testcase name="Cord19 Canvas Tests › pan functionality" classname="tests/cord_canvas.spec.ts" time="2.417">
<system-out>
<![CDATA[Waiting for #loading to be hidden...
Waiting for #progress-container to be hidden...

[[ATTACHMENT|../datamapplot/interactive_tests/test-results/tests-cord_canvas-Cord19-Canvas-Tests-pan-functionality/test-finished-1.png]]
]]>
</system-out>
</testcase>
</testsuite>
</testsuites>